[2025-04-10T11:33:54.845Z] GET /
[2025-04-10T11:34:07.994Z] GET /
[2025-04-10T11:34:24.572Z] GET /
[2025-04-10T11:35:19.481Z] GET /
[2025-04-10T11:35:28.944Z] GET /
[2025-04-10T11:36:38.500Z] GET /
[2025-04-10T11:37:15.726Z] GET /
[2025-04-10T11:37:21.351Z] GET /
[2025-04-10T11:37:23.141Z] GET /
[2025-04-10T11:37:23.712Z] GET /
[2025-04-10T11:37:59.244Z] GET /
[2025-04-10T11:38:00.088Z] GET /
[2025-04-10T11:38:00.617Z] GET /
[2025-04-10T11:38:01.096Z] GET /
[2025-04-10T11:38:01.528Z] GET /
[2025-04-10T11:38:01.953Z] GET /
[2025-04-10T11:38:46.011Z] GET /
[2025-04-10T11:39:10.367Z] GET /
[2025-04-10T11:39:16.873Z] GET /
[2025-04-10T11:39:44.214Z] GET /
[2025-04-10T11:39:45.942Z] GET /
[2025-04-10T11:39:46.587Z] GET /
[2025-04-10T11:39:47.807Z] GET /
[2025-04-10T11:39:48.430Z] GET /
[2025-04-10T11:43:45.580Z] GET /welcom/Mina
[2025-04-10T11:44:06.440Z] GET /welcome/Mina
[2025-04-10T11:52:10.072Z] GET /welcome/Mina
[2025-04-10T11:52:52.543Z] GET /register/Negm@Gamil/negm
[2025-04-10T11:53:52.432Z] GET /register/Negm@Gamil/negm
[2025-04-10T11:54:24.042Z] GET /register/Negm@Gamil/negm
[2025-04-10T11:57:27.697Z] GET /register/Negm@Gamil/negm
[2025-04-10T11:57:32.911Z] GET /register/Negm@Gamil/negm
[2025-04-10T11:58:47.593Z] GET /login/Negm@Gamil/negm
[2025-04-10T11:59:02.652Z] GET /login/Negm@Gamil/negm
[2025-04-10T11:59:41.814Z] GET /login/Negm@Gamil/negm
[2025-04-10T11:59:52.567Z] GET /login/Negm@Gamil/negm
[2025-04-10T12:01:36.109Z] GET /login/Negm@Gamil/negm
[2025-04-10T12:02:23.189Z] GET /login/Negm@Gamil/negm
[2025-04-10T12:02:42.020Z] GET /login/Negm@Gamil/negm
[2025-04-10T12:02:55.093Z] GET /login/Negm@Gamil/negm
[2025-04-10T12:19:33.047Z] GET /login/Negm@Gamil/negm
[2025-04-10T12:24:03.661Z] GET /api/products
[2025-04-10T12:35:17.634Z] GET /api/add-product/NewProduct/100
[2025-04-10T12:35:40.864Z] GET /api/add-product/NewProduct/100
[2025-04-10T12:39:19.738Z] GET /api/add-product
[2025-04-10T12:39:58.936Z] GET /api/add-product/test/4545
[2025-04-10T12:40:41.054Z] GET /api/addproduct/test/4545
[2025-04-10T12:42:57.686Z] GET /api/addproduct/test/4545
[2025-04-10T12:43:15.770Z] GET /api/addproduct/test/4545
[2025-04-10T12:44:09.825Z] GET /api/product
[2025-04-10T12:44:17.032Z] GET /api/addproduct/test/4545
[2025-04-10T12:44:18.583Z] GET /api/addproduct/test/4545
[2025-04-10T12:44:27.377Z] GET /api/products/1
[2025-04-10T12:46:04.335Z] GET /api/delete-product/1
[2025-04-10T12:46:07.936Z] GET /api/delete-product/1
[2025-04-10T12:49:01.088Z] GET /api/delete-product/1
